Login attempt tomanagertest is successful
Result of isEmployee() | false
Signed in as [Employee Id: 1 | Username: managertest | Password: -877169473 | Name: AnthonyArdiente | Email: test.manager@gmail.com | Phone Number: 2064346426 | Address: 28505 36th Ave S, Auburn WA 98001 United States | Date Activated: 2022-03-17]
Login attempt toemptest is successful
Result of isEmployee() | true
Result of searchByUsername() | [Employee Id: 2 | Username: emptest | Password: -877169473 | Name: AnthonyArdiente | Email: test.emp@gmail.com | Phone Number: 2064346426 | Address: 28505 36th Ave S, Auburn WA 98001 United States | Date Activated: 2022-03-17]
Signed in as [Employee Id: 2 | Username: emptest | Password: -877169473 | Name: AnthonyArdiente | Email: test.emp@gmail.com | Phone Number: 2064346426 | Address: 28505 36th Ave S, Auburn WA 98001 United States | Date Activated: 2022-03-17]
Result of searchByUsername() | [Employee Id: 2 | Username: emptest | Password: -877169473 | Name: AnthonyArdiente | Email: test.emp@gmail.com | Phone Number: 2064346426 | Address: 28505 36th Ave S, Auburn WA 98001 United States | Date Activated: 2022-03-17]
Result of searchByUsername() | [Employee Id: 2 | Username: emptest | Password: -877169473 | Name: AnthonyArdiente | Email: test.emp@gmail.com | Phone Number: 2064346426 | Address: 28505 36th Ave S, Auburn WA 98001 United States | Date Activated: 2022-03-17]
SQLException in updateEmployee() | ERROR: duplicate key value violates unique constraint "contact_info_email_key"
  Detail: Key (email)=(test.emp@gmail.com) already exists.
Result of searchByUsername() | [Employee Id: 2 | Username: emptest | Password: -877169473 | Name: AnthonyArdiente | Email: test.emp@gmail.com | Phone Number: 2064346426 | Address: 28505 36th Ave S, Auburn WA 98001 United States | Date Activated: 2022-03-17]
Result of searchByUsername() | [Employee Id: 2 | Username: emptest | Password: -877169473 | Name: AnthonyArdiente | Email: test.emp@gmail.com | Phone Number: 2064346426 | Address: 28505 36th Ave S, Auburn WA 98001 United States | Date Activated: 2022-03-17]
Result of searchByUsername() | [Employee Id: 2 | Username: emptest | Password: -877169473 | Name: AnthonyArdiente | Email: test.emp@gmail.com | Phone Number: 2064346426 | Address: 28505 36th Ave S, Auburn WA 98001 United States | Date Activated: 2022-03-17]
Result of searchByUsername() | [Employee Id: 2 | Username: emptest | Password: -877169473 | Name: AnthonyArdiente | Email: test.emp@gmail.com | Phone Number: 2064346426 | Address: 28505 36th Ave S, Auburn WA 98001 United States | Date Activated: 2022-03-17]
Login attempt toemptest is successful
Result of isEmployee() | true
Result of searchByUsername() | [Employee Id: 2 | Username: emptest | Password: -877169473 | Name: AnthonyArdiente | Email: test.emp@gmail.com | Phone Number: 2064346426 | Address: 28505 36th Ave S, Auburn WA 98001 United States | Date Activated: 2022-03-17]
Signed in as [Employee Id: 2 | Username: emptest | Password: -877169473 | Name: AnthonyArdiente | Email: test.emp@gmail.com | Phone Number: 2064346426 | Address: 28505 36th Ave S, Auburn WA 98001 United States | Date Activated: 2022-03-17]
Result of searchByUsername() | [Employee Id: 2 | Username: emptest | Password: -877169473 | Name: AnthonyArdiente | Email: test.emp@gmail.com | Phone Number: 2064346426 | Address: 28505 36th Ave S, Auburn WA 98001 United States | Date Activated: 2022-03-17]
Result of searchByUsername() | [Employee Id: 2 | Username: emptest | Password: -877169473 | Name: AnthonyArdiente | Email: test.emp@gmail.com | Phone Number: 2064346426 | Address: 28505 36th Ave S, Auburn WA 98001 United States | Date Activated: 2022-03-17]
Update attempt in updateEmployee() | [Employee Id: 2 | Username: emptest | Password: -877169473 | Name: SteveArdiente | Email: test.emp@gmail.com | Phone Number: 2064346426 | Address: 28505 36th Ave S, Auburn WA 98001 United States | Date Activated: 2022-03-17] has failed
Result of searchByUsername() | [Employee Id: 2 | Username: emptest | Password: -877169473 | Name: SteveArdiente | Email: test.emp@gmail.com | Phone Number: 2064346426 | Address: 28505 36th Ave S, Auburn WA 98001 United States | Date Activated: 2022-03-17]
Result of searchByUsername() | [Employee Id: 2 | Username: emptest | Password: -877169473 | Name: SteveArdiente | Email: test.emp@gmail.com | Phone Number: 2064346426 | Address: 28505 36th Ave S, Auburn WA 98001 United States | Date Activated: 2022-03-17]
Login attempt tomanagertest is successful
Result of isEmployee() | false
Signed in as [Employee Id: 1 | Username: managertest | Password: -877169473 | Name: SteveArdiente | Email: test.manager@gmail.com | Phone Number: 2064346426 | Address: 28505 36th Ave S, Auburn WA 98001 United States | Date Activated: 2022-03-17]
Result of searchByUsername() | [Employee Id: 1 | Username: aardiente | Password: -877169473 | Name: SteveArdiente | Email: anthony.ms.ardiente@gmail.com | Phone Number: 2064346426 | Address: 28505 36th Ave S, Auburn WA 98001 United States | Date Activated: 2022-03-17]
Attempt to approve ReimbursmentTicket [id=2, amount=1234.0, requestDate=2022-03-17, status=Approved] was false
formList set to [ReimbursmentTicket [id=9, amount=4567.0, requestDate=2022-03-17, status=Pending]]
Attempting to addEmployee() [Employee Id: -1 | Username: omgitzant | Password: -877169473 | Name: AnthonyArdiente | Email: sklfjalkdjfl;@gmail.com | Phone Number: 2064346426 | Address: 28505 36th Ave S, Auburn WA 98001 United States | Date Activated: 2022-03-18]
Attempt to addEmployee() [Employee Id: 3 | Username: omgitzant | Password: -877169473 | Name: AnthonyArdiente | Email: sklfjalkdjfl;@gmail.com | Phone Number: 2064346426 | Address: 28505 36th Ave S, Auburn WA 98001 United States | Date Activated: 2022-03-18] |  was successful
Login attempt toaardiente is successful
Result of isEmployee() | true
Result of searchByUsername() | [Employee Id: 1 | Username: aardiente | Password: -877169473 | Name: SteveArdiente | Email: anthony.ms.ardiente@gmail.com | Phone Number: 2064346426 | Address: 28505 36th Ave S, Auburn WA 98001 United States | Date Activated: 2022-03-17]
Signed in as [Employee Id: 1 | Username: aardiente | Password: -877169473 | Name: SteveArdiente | Email: anthony.ms.ardiente@gmail.com | Phone Number: 2064346426 | Address: 28505 36th Ave S, Auburn WA 98001 United States | Date Activated: 2022-03-17]
Result of searchByUsername() | [Employee Id: 1 | Username: aardiente | Password: -877169473 | Name: SteveArdiente | Email: anthony.ms.ardiente@gmail.com | Phone Number: 2064346426 | Address: 28505 36th Ave S, Auburn WA 98001 United States | Date Activated: 2022-03-17]
Result of searchByUsername() | [Employee Id: 1 | Username: aardiente | Password: -877169473 | Name: SteveArdiente | Email: anthony.ms.ardiente@gmail.com | Phone Number: 2064346426 | Address: 28505 36th Ave S, Auburn WA 98001 United States | Date Activated: 2022-03-17]
Result of searchByUsername() | [Employee Id: 1 | Username: aardiente | Password: -877169473 | Name: SteveArdiente | Email: anthony.ms.ardiente@gmail.com | Phone Number: 2064346426 | Address: 28505 36th Ave S, Auburn WA 98001 United States | Date Activated: 2022-03-17]
Login attempt tomanagertest is successful
Result of isEmployee() | false
Signed in as [Employee Id: 1 | Username: managertest | Password: -877169473 | Name: SteveArdiente | Email: test.manager@gmail.com | Phone Number: 2064346426 | Address: 28505 36th Ave S, Auburn WA 98001 United States | Date Activated: 2022-03-17]
Result of searchByUsername() | null
Attempt to deny ReimbursmentTicket [id=9, amount=4567.0, requestDate=2022-03-17, status=Denied] was false
formList set to [ReimbursmentTicket [id=10, amount=1235.0, requestDate=2022-03-18, status=Pending]]
Login attempt tomanagertest is successful
Result of isEmployee() | false
Signed in as [Employee Id: 1 | Username: managertest | Password: -877169473 | Name: SteveArdiente | Email: test.manager@gmail.com | Phone Number: 2064346426 | Address: 28505 36th Ave S, Auburn WA 98001 United States | Date Activated: 2022-03-17]
Login attempt tomanagertest is successful
Result of isEmployee() | false
Signed in as [Employee Id: 1 | Username: managertest | Password: -877169473 | Name: SteveArdiente | Email: test.manager@gmail.com | Phone Number: 2064346426 | Address: 28505 36th Ave S, Auburn WA 98001 United States | Date Activated: 2022-03-17]
Result of searchByUsername() | [Employee Id: 1 | Username: aardiente | Password: -877169473 | Name: SteveArdiente | Email: anthony.ms.ardiente@gmail.com | Phone Number: 2064346426 | Address: 28505 36th Ave S, Auburn WA 98001 United States | Date Activated: 2022-03-17]
Result of searchByUsername() | [Employee Id: 2 | Username: emptest | Password: -877169473 | Name: SteveArdiente | Email: test.emp@gmail.com | Phone Number: 2064346426 | Address: 28505 36th Ave S, Auburn WA 98001 United States | Date Activated: 2022-03-17]
Login attempt tomanagertest is successful
Result of isEmployee() | false
Signed in as [Employee Id: 1 | Username: managertest | Password: -877169473 | Name: SteveArdiente | Email: test.manager@gmail.com | Phone Number: 2064346426 | Address: 28505 36th Ave S, Auburn WA 98001 United States | Date Activated: 2022-03-17]
Attempting to addEmployee() [Employee Id: -1 | Username: aardiente | Password: -877169473 | Name: AnthonyArdiente | Email: anthony.ms.ardiente@gmail.com | Phone Number: 2064346426 | Address: 28505 36th Ave S, Auburn WA 98001 United States | Date Activated: 2022-03-19]
SQLException in addEmployee() | ERROR: duplicate key value violates unique constraint "contact_info_email_key"
  Detail: Key (email)=(anthony.ms.ardiente@gmail.com) already exists.
  Where: SQL statement "INSERT INTO public.contact_info(first_name, last_name, email, address, phone_number) VALUES (tfirst_name, tlast_name, tEmail, taddress, tphone)"
PL/pgSQL function addcontactinfo(character varying,character varying,character varying,character varying,character varying) line 4 at SQL statement
SQL statement "select addContactInfo(first_name, last_name, tEmail, address, phone)"
PL/pgSQL function adduseraccount(character varying,character varying,character varying,character varying,character varying,character varying,character varying) line 5 at SQL statement
SQL statement "select addUserAccount (username, password, first_name, last_name, tEmail, address, phone)"
PL/pgSQL function addemployee(character varying,character varying,character varying,character varying,character varying,character varying,character varying) line 5 at SQL statement
Attempting to addEmployee() [Employee Id: -1 | Username: aardiente | Password: -877169473 | Name: AnthonyArdiente | Email: anthony.ms.ardiente@gmail.com | Phone Number: 2064346426 | Address: 28505 36th Ave S, Auburn WA 98001 United States | Date Activated: 2022-03-19]
Attempt to addEmployee() [Employee Id: 4 | Username: aardiente | Password: -877169473 | Name: AnthonyArdiente | Email: anthony.ms.ardiente@gmail.com | Phone Number: 2064346426 | Address: 28505 36th Ave S, Auburn WA 98001 United States | Date Activated: 2022-03-19] |  was successful
Attempting to addEmployee() [Employee Id: -1 | Username: emptest | Password: -877169473 | Name: AnthonyArdiente | Email: employee.test@gmail.com | Phone Number: 2064346426 | Address: 28505 36th Ave S, Auburn WA 98001 United States | Date Activated: 2022-03-19]
Attempt to addEmployee() [Employee Id: 5 | Username: emptest | Password: -877169473 | Name: AnthonyArdiente | Email: employee.test@gmail.com | Phone Number: 2064346426 | Address: 28505 36th Ave S, Auburn WA 98001 United States | Date Activated: 2022-03-19] |  was successful
Login attempt toaardiente is successful
Result of isEmployee() | true
Result of searchByUsername() | [Employee Id: 4 | Username: aardiente | Password: -877169473 | Name: AnthonyArdiente | Email: anthony.ms.ardiente@gmail.com | Phone Number: 2064346426 | Address: 28505 36th Ave S, Auburn WA 98001 United States | Date Activated: 2022-03-19]
Signed in as [Employee Id: 4 | Username: aardiente | Password: -877169473 | Name: AnthonyArdiente | Email: anthony.ms.ardiente@gmail.com | Phone Number: 2064346426 | Address: 28505 36th Ave S, Auburn WA 98001 United States | Date Activated: 2022-03-19]
Result of searchByUsername() | [Employee Id: 4 | Username: aardiente | Password: -877169473 | Name: AnthonyArdiente | Email: anthony.ms.ardiente@gmail.com | Phone Number: 2064346426 | Address: 28505 36th Ave S, Auburn WA 98001 United States | Date Activated: 2022-03-19]
Result of searchByUsername() | [Employee Id: 4 | Username: aardiente | Password: -877169473 | Name: AnthonyArdiente | Email: anthony.ms.ardiente@gmail.com | Phone Number: 2064346426 | Address: 28505 36th Ave S, Auburn WA 98001 United States | Date Activated: 2022-03-19]
Result of searchByUsername() | [Employee Id: 4 | Username: aardiente | Password: -877169473 | Name: AnthonyArdiente | Email: anthony.ms.ardiente@gmail.com | Phone Number: 2064346426 | Address: 28505 36th Ave S, Auburn WA 98001 United States | Date Activated: 2022-03-19]
Attempting to addEmployee() [Employee Id: -1 | Username: aardiente | Password: -877169473 | Name: AnthonyArdiente | Email: anthony.ms.ardiente@gmail.com | Phone Number: 2064346426 | Address: 28505 36th Ave S, Auburn WA 98001 United States | Date Activated: 2022-03-19]
Attempt to addEmployee() [Employee Id: 6 | Username: aardiente | Password: -877169473 | Name: AnthonyArdiente | Email: anthony.ms.ardiente@gmail.com | Phone Number: 2064346426 | Address: 28505 36th Ave S, Auburn WA 98001 United States | Date Activated: 2022-03-19] |  was successful
Login attempt toaardiente has failed
Login attempt toaardiente is successful
Result of isEmployee() | true
Result of searchByUsername() | [Employee Id: 6 | Username: aardiente | Password: -877169473 | Name: AnthonyArdiente | Email: anthony.ms.ardiente@gmail.com | Phone Number: 2064346426 | Address: 28505 36th Ave S, Auburn WA 98001 United States | Date Activated: 2022-03-19]
Signed in as [Employee Id: 6 | Username: aardiente | Password: -877169473 | Name: AnthonyArdiente | Email: anthony.ms.ardiente@gmail.com | Phone Number: 2064346426 | Address: 28505 36th Ave S, Auburn WA 98001 United States | Date Activated: 2022-03-19]
Result of searchByUsername() | [Employee Id: 6 | Username: aardiente | Password: -877169473 | Name: AnthonyArdiente | Email: anthony.ms.ardiente@gmail.com | Phone Number: 2064346426 | Address: 28505 36th Ave S, Auburn WA 98001 United States | Date Activated: 2022-03-19]
Result of searchByUsername() | [Employee Id: 6 | Username: aardiente | Password: -877169473 | Name: AnthonyArdiente | Email: anthony.ms.ardiente@gmail.com | Phone Number: 2064346426 | Address: 28505 36th Ave S, Auburn WA 98001 United States | Date Activated: 2022-03-19]
Update attempt in updateEmployee() | [Employee Id: 6 | Username: aardiente | Password: -877169473 | Name: BobArdiente | Email: anthony.ms.ardiente@gmail.com | Phone Number: 2064346426 | Address: 28505 36th Ave S, Auburn WA 98001 United States | Date Activated: 2022-03-19] has failed
Result of searchByUsername() | [Employee Id: 6 | Username: aardiente | Password: -877169473 | Name: BobArdiente | Email: anthony.ms.ardiente@gmail.com | Phone Number: 2064346426 | Address: 28505 36th Ave S, Auburn WA 98001 United States | Date Activated: 2022-03-19]
Result of searchByUsername() | [Employee Id: 6 | Username: aardiente | Password: -877169473 | Name: BobArdiente | Email: anthony.ms.ardiente@gmail.com | Phone Number: 2064346426 | Address: 28505 36th Ave S, Auburn WA 98001 United States | Date Activated: 2022-03-19]
Result of searchByUsername() | [Employee Id: 6 | Username: aardiente | Password: -877169473 | Name: BobArdiente | Email: anthony.ms.ardiente@gmail.com | Phone Number: 2064346426 | Address: 28505 36th Ave S, Auburn WA 98001 United States | Date Activated: 2022-03-19]
Result of searchByUsername() | [Employee Id: 6 | Username: aardiente | Password: -877169473 | Name: BobArdiente | Email: anthony.ms.ardiente@gmail.com | Phone Number: 2064346426 | Address: 28505 36th Ave S, Auburn WA 98001 United States | Date Activated: 2022-03-19]
Result of searchByUsername() | [Employee Id: 6 | Username: aardiente | Password: -877169473 | Name: BobArdiente | Email: anthony.ms.ardiente@gmail.com | Phone Number: 2064346426 | Address: 28505 36th Ave S, Auburn WA 98001 United States | Date Activated: 2022-03-19]
Login attempt tomanagertest is successful
Result of isEmployee() | false
Signed in as [Employee Id: 3 | Username: managertest | Password: -877169473 | Name: BobArdiente | Email: manager.tester@gmail.com | Phone Number: 2064346426 | Address: 28505 36th Ave S, Auburn WA 98001 United States | Date Activated: 2022-03-19]
Result of searchByUsername() | [Employee Id: 6 | Username: aardiente | Password: -877169473 | Name: BobArdiente | Email: anthony.ms.ardiente@gmail.com | Phone Number: 2064346426 | Address: 28505 36th Ave S, Auburn WA 98001 United States | Date Activated: 2022-03-19]
Login attempt toaardiente is successful
Result of isEmployee() | true
Result of searchByUsername() | [Employee Id: 6 | Username: aardiente | Password: -877169473 | Name: BobArdiente | Email: anthony.ms.ardiente@gmail.com | Phone Number: 2064346426 | Address: 28505 36th Ave S, Auburn WA 98001 United States | Date Activated: 2022-03-19]
Signed in as [Employee Id: 6 | Username: aardiente | Password: -877169473 | Name: BobArdiente | Email: anthony.ms.ardiente@gmail.com | Phone Number: 2064346426 | Address: 28505 36th Ave S, Auburn WA 98001 United States | Date Activated: 2022-03-19]
Result of searchByUsername() | [Employee Id: 6 | Username: aardiente | Password: -877169473 | Name: BobArdiente | Email: anthony.ms.ardiente@gmail.com | Phone Number: 2064346426 | Address: 28505 36th Ave S, Auburn WA 98001 United States | Date Activated: 2022-03-19]
Update attempt in updateEmployee() | [Employee Id: 6 | Username: aardiente | Password: -877169473 | Name: BobDole | Email: anthony.ms.ardiente@gmail.com | Phone Number: 2064346426 | Address: 28505 36th Ave S, Auburn WA 98001 United States | Date Activated: 2022-03-19] has failed
Update attempt in updateEmployee() | [Employee Id: 6 | Username: aardiente | Password: -877169473 | Name: AnthonyArdiente | Email: anthony.ms.ardiente@gmail.com | Phone Number: 2064346426 | Address: 28505 36th Ave S, Auburn WA 98001 United States | Date Activated: 2022-03-19] has failed
Login attempt toaardiente is successful
Result of isEmployee() | true
Result of searchByUsername() | [Employee Id: 6 | Username: aardiente | Password: -877169473 | Name: AnthonyArdiente | Email: anthony.ms.ardiente@gmail.com | Phone Number: 2064346426 | Address: 28505 36th Ave S, Auburn WA 98001 United States | Date Activated: 2022-03-19]
Signed in as [Employee Id: 6 | Username: aardiente | Password: -877169473 | Name: AnthonyArdiente | Email: anthony.ms.ardiente@gmail.com | Phone Number: 2064346426 | Address: 28505 36th Ave S, Auburn WA 98001 United States | Date Activated: 2022-03-19]
Result of searchByUsername() | [Employee Id: 6 | Username: aardiente | Password: -877169473 | Name: AnthonyArdiente | Email: anthony.ms.ardiente@gmail.com | Phone Number: 2064346426 | Address: 28505 36th Ave S, Auburn WA 98001 United States | Date Activated: 2022-03-19]
Update attempt in updateEmployee() | [Employee Id: 6 | Username: aardiente | Password: -877169473 | Name: BobDolest | Email: anthony.ms.ardiente@gmail.com | Phone Number: 2064346426 | Address: 28505 36th Ave S, Auburn WA 98001 United States | Date Activated: 2022-03-19] was successful
Login attempt toaardiente is successful
Result of isEmployee() | true
Result of searchByUsername() | [Employee Id: 6 | Username: aardiente | Password: -877169473 | Name: BobDolest | Email: anthony.ms.ardiente@gmail.com | Phone Number: 2064346426 | Address: 28505 36th Ave S, Auburn WA 98001 United States | Date Activated: 2022-03-19]
Signed in as [Employee Id: 6 | Username: aardiente | Password: -877169473 | Name: BobDolest | Email: anthony.ms.ardiente@gmail.com | Phone Number: 2064346426 | Address: 28505 36th Ave S, Auburn WA 98001 United States | Date Activated: 2022-03-19]
Result of searchByUsername() | [Employee Id: 6 | Username: aardiente | Password: -877169473 | Name: BobDolest | Email: anthony.ms.ardiente@gmail.com | Phone Number: 2064346426 | Address: 28505 36th Ave S, Auburn WA 98001 United States | Date Activated: 2022-03-19]
Update attempt in updateEmployee() | [Employee Id: 6 | Username: aardiente | Password: -877169473 | Name: SteveDolest | Email: anthony.ms.ardiente@gmail.com | Phone Number: 2064346426 | Address: 28505 36th Ave S, Auburn WA 98001 United States | Date Activated: 2022-03-19] has failed
Login attempt toaardiente is successful
Result of isEmployee() | true
Result of searchByUsername() | [Employee Id: 6 | Username: aardiente | Password: -877169473 | Name: SteveDolest | Email: anthony.ms.ardiente@gmail.com | Phone Number: 2064346426 | Address: 28505 36th Ave S, Auburn WA 98001 United States | Date Activated: 2022-03-19]
Signed in as [Employee Id: 6 | Username: aardiente | Password: -877169473 | Name: SteveDolest | Email: anthony.ms.ardiente@gmail.com | Phone Number: 2064346426 | Address: 28505 36th Ave S, Auburn WA 98001 United States | Date Activated: 2022-03-19]
Result of searchByUsername() | [Employee Id: 6 | Username: aardiente | Password: -877169473 | Name: SteveDolest | Email: anthony.ms.ardiente@gmail.com | Phone Number: 2064346426 | Address: 28505 36th Ave S, Auburn WA 98001 United States | Date Activated: 2022-03-19]
Update attempt in updateEmployee() | [Employee Id: 6 | Username: aardiente | Password: -877169473 | Name: AnthonyDolest | Email: anthony.ms.ardiente@gmail.com | Phone Number: 2064346426 | Address: 28505 36th Ave S, Auburn WA 98001 United States | Date Activated: 2022-03-19] has failed
Using Log4J as the default logging framework
-Dio.netty.leakDetection.level: simple
-Dio.netty.leakDetection.targetRecords: 4
Loaded default ResourceLeakDetector: io.netty.util.ResourceLeakDetector@4f3bbf68
-Dio.netty.noUnsafe: false
Java version: 8
sun.misc.Unsafe.theUnsafe: available
sun.misc.Unsafe.copyMemory: available
java.nio.Buffer.address: available
direct buffer constructor: available
java.nio.Bits.unaligned: available, true
jdk.internal.misc.Unsafe.allocateUninitializedArray(int): unavailable prior to Java9
java.nio.DirectByteBuffer.<init>(long, int): available
sun.misc.Unsafe: available
-Dio.netty.tmpdir: C:\Users\omgit\AppData\Local\Temp (java.io.tmpdir)
-Dio.netty.bitMode: 64 (sun.arch.data.model)
Platform: Windows
-Dio.netty.maxDirectMemory: 3803185152 bytes
-Dio.netty.uninitializedArrayAllocationThreshold: -1
java.nio.ByteBuffer.cleaner(): available
-Dio.netty.noPreferDirect: false
org.jctools-core.MpscChunkedArrayQueue: available
-Dio.netty.threadLocalMap.stringBuilder.initialSize: 1024
-Dio.netty.threadLocalMap.stringBuilder.maxSize: 4096
Default protocols (JDK): [TLSv1.2] 
Default cipher suites (JDK): [TLS_ECDHE_ECDSA_WITH_AES_256_GCM_SHA384, TLS_ECDHE_ECDSA_WITH_AES_128_GCM_SHA256, TLS_ECDHE_RSA_WITH_AES_128_GCM_SHA256, TLS_ECDHE_RSA_WITH_AES_256_GCM_SHA384, TLS_ECDHE_RSA_WITH_AES_128_CBC_SHA, TLS_ECDHE_RSA_WITH_AES_256_CBC_SHA, TLS_RSA_WITH_AES_128_GCM_SHA256, TLS_RSA_WITH_AES_128_CBC_SHA, TLS_RSA_WITH_AES_256_CBC_SHA, TLS_AES_128_GCM_SHA256, TLS_AES_256_GCM_SHA384]
-Dio.netty.eventLoopThreads: 32
-Dio.netty.noKeySetOptimization: false
-Dio.netty.selectorAutoRebuildThreshold: 512
-Dio.netty.allocator.numHeapArenas: 32
-Dio.netty.allocator.numDirectArenas: 32
-Dio.netty.allocator.pageSize: 8192
-Dio.netty.allocator.maxOrder: 11
-Dio.netty.allocator.chunkSize: 16777216
-Dio.netty.allocator.smallCacheSize: 256
-Dio.netty.allocator.normalCacheSize: 64
-Dio.netty.allocator.maxCachedBufferCapacity: 32768
-Dio.netty.allocator.cacheTrimInterval: 8192
-Dio.netty.allocator.cacheTrimIntervalMillis: 0
-Dio.netty.allocator.useCacheForAllThreads: true
-Dio.netty.allocator.maxCachedByteBuffersPerChunk: 1023
-Dio.netty.allocator.type: pooled
-Dio.netty.threadLocalDirectBufferSize: 0
-Dio.netty.maxThreadLocalCharBufferSize: 16384
-Dio.netty.processId: 22460 (auto-detected)
-Djava.net.preferIPv4Stack: false
-Djava.net.preferIPv6Addresses: false
Loopback interface: lo (Software Loopback Interface 1, 127.0.0.1)
Failed to get SOMAXCONN from sysctl and file \proc\sys\net\core\somaxconn. Default: 200
-Dio.netty.machineId: 18:c0:4d:ff:fe:6c:8e:61 (auto-detected)
-Dio.netty.buffer.checkAccessible: true
-Dio.netty.buffer.checkBounds: true
Loaded default ResourceLeakDetector: io.netty.util.ResourceLeakDetector@7d09865e
-Dio.netty.recycler.maxCapacityPerThread: 4096
-Dio.netty.recycler.ratio: 8
-Dio.netty.recycler.chunkSize: 32
-Dio.netty.recycler.blocking: false
brotli4j not in the classpath; Brotli support will be unavailable.
-Dio.netty.initialSeedUniquifier: 0x58fe520ed2aa9d81
Using Log4J as the default logging framework
-Dio.netty.leakDetection.level: simple
-Dio.netty.leakDetection.targetRecords: 4
Loaded default ResourceLeakDetector: io.netty.util.ResourceLeakDetector@2299d903
-Dio.netty.noUnsafe: false
Java version: 8
sun.misc.Unsafe.theUnsafe: available
sun.misc.Unsafe.copyMemory: available
java.nio.Buffer.address: available
direct buffer constructor: available
java.nio.Bits.unaligned: available, true
jdk.internal.misc.Unsafe.allocateUninitializedArray(int): unavailable prior to Java9
java.nio.DirectByteBuffer.<init>(long, int): available
sun.misc.Unsafe: available
-Dio.netty.tmpdir: C:\Users\omgit\AppData\Local\Temp (java.io.tmpdir)
-Dio.netty.bitMode: 64 (sun.arch.data.model)
Platform: Windows
-Dio.netty.maxDirectMemory: 3803185152 bytes
-Dio.netty.uninitializedArrayAllocationThreshold: -1
java.nio.ByteBuffer.cleaner(): available
-Dio.netty.noPreferDirect: false
org.jctools-core.MpscChunkedArrayQueue: available
-Dio.netty.threadLocalMap.stringBuilder.initialSize: 1024
-Dio.netty.threadLocalMap.stringBuilder.maxSize: 4096
Default protocols (JDK): [TLSv1.2] 
Default cipher suites (JDK): [TLS_ECDHE_ECDSA_WITH_AES_256_GCM_SHA384, TLS_ECDHE_ECDSA_WITH_AES_128_GCM_SHA256, TLS_ECDHE_RSA_WITH_AES_128_GCM_SHA256, TLS_ECDHE_RSA_WITH_AES_256_GCM_SHA384, TLS_ECDHE_RSA_WITH_AES_128_CBC_SHA, TLS_ECDHE_RSA_WITH_AES_256_CBC_SHA, TLS_RSA_WITH_AES_128_GCM_SHA256, TLS_RSA_WITH_AES_128_CBC_SHA, TLS_RSA_WITH_AES_256_CBC_SHA, TLS_AES_128_GCM_SHA256, TLS_AES_256_GCM_SHA384]
-Dio.netty.eventLoopThreads: 32
-Dio.netty.noKeySetOptimization: false
-Dio.netty.selectorAutoRebuildThreshold: 512
-Dio.netty.allocator.numHeapArenas: 32
-Dio.netty.allocator.numDirectArenas: 32
-Dio.netty.allocator.pageSize: 8192
-Dio.netty.allocator.maxOrder: 11
-Dio.netty.allocator.chunkSize: 16777216
-Dio.netty.allocator.smallCacheSize: 256
-Dio.netty.allocator.normalCacheSize: 64
-Dio.netty.allocator.maxCachedBufferCapacity: 32768
-Dio.netty.allocator.cacheTrimInterval: 8192
-Dio.netty.allocator.cacheTrimIntervalMillis: 0
-Dio.netty.allocator.useCacheForAllThreads: true
-Dio.netty.allocator.maxCachedByteBuffersPerChunk: 1023
-Dio.netty.allocator.type: pooled
-Dio.netty.threadLocalDirectBufferSize: 0
-Dio.netty.maxThreadLocalCharBufferSize: 16384
-Dio.netty.processId: 6300 (auto-detected)
-Djava.net.preferIPv4Stack: false
-Djava.net.preferIPv6Addresses: false
Loopback interface: lo (Software Loopback Interface 1, 127.0.0.1)
Failed to get SOMAXCONN from sysctl and file \proc\sys\net\core\somaxconn. Default: 200
-Dio.netty.machineId: 18:c0:4d:ff:fe:6c:8e:61 (auto-detected)
-Dio.netty.buffer.checkAccessible: true
-Dio.netty.buffer.checkBounds: true
Loaded default ResourceLeakDetector: io.netty.util.ResourceLeakDetector@6fee9097
-Dio.netty.recycler.maxCapacityPerThread: 4096
-Dio.netty.recycler.ratio: 8
-Dio.netty.recycler.chunkSize: 32
-Dio.netty.recycler.blocking: false
brotli4j not in the classpath; Brotli support will be unavailable.
-Dio.netty.initialSeedUniquifier: 0x468535b76af81ef3
Using Log4J as the default logging framework
-Dio.netty.leakDetection.level: simple
-Dio.netty.leakDetection.targetRecords: 4
Loaded default ResourceLeakDetector: io.netty.util.ResourceLeakDetector@4f3bbf68
-Dio.netty.noUnsafe: false
Java version: 8
sun.misc.Unsafe.theUnsafe: available
sun.misc.Unsafe.copyMemory: available
java.nio.Buffer.address: available
direct buffer constructor: available
java.nio.Bits.unaligned: available, true
jdk.internal.misc.Unsafe.allocateUninitializedArray(int): unavailable prior to Java9
java.nio.DirectByteBuffer.<init>(long, int): available
sun.misc.Unsafe: available
-Dio.netty.tmpdir: C:\Users\omgit\AppData\Local\Temp (java.io.tmpdir)
-Dio.netty.bitMode: 64 (sun.arch.data.model)
Platform: Windows
-Dio.netty.maxDirectMemory: 3803185152 bytes
-Dio.netty.uninitializedArrayAllocationThreshold: -1
java.nio.ByteBuffer.cleaner(): available
-Dio.netty.noPreferDirect: false
org.jctools-core.MpscChunkedArrayQueue: available
-Dio.netty.threadLocalMap.stringBuilder.initialSize: 1024
-Dio.netty.threadLocalMap.stringBuilder.maxSize: 4096
Default protocols (JDK): [TLSv1.2] 
Default cipher suites (JDK): [TLS_ECDHE_ECDSA_WITH_AES_256_GCM_SHA384, TLS_ECDHE_ECDSA_WITH_AES_128_GCM_SHA256, TLS_ECDHE_RSA_WITH_AES_128_GCM_SHA256, TLS_ECDHE_RSA_WITH_AES_256_GCM_SHA384, TLS_ECDHE_RSA_WITH_AES_128_CBC_SHA, TLS_ECDHE_RSA_WITH_AES_256_CBC_SHA, TLS_RSA_WITH_AES_128_GCM_SHA256, TLS_RSA_WITH_AES_128_CBC_SHA, TLS_RSA_WITH_AES_256_CBC_SHA, TLS_AES_128_GCM_SHA256, TLS_AES_256_GCM_SHA384]
-Dio.netty.eventLoopThreads: 32
-Dio.netty.noKeySetOptimization: false
-Dio.netty.selectorAutoRebuildThreshold: 512
-Dio.netty.allocator.numHeapArenas: 32
-Dio.netty.allocator.numDirectArenas: 32
-Dio.netty.allocator.pageSize: 8192
-Dio.netty.allocator.maxOrder: 11
-Dio.netty.allocator.chunkSize: 16777216
-Dio.netty.allocator.smallCacheSize: 256
-Dio.netty.allocator.normalCacheSize: 64
-Dio.netty.allocator.maxCachedBufferCapacity: 32768
-Dio.netty.allocator.cacheTrimInterval: 8192
-Dio.netty.allocator.cacheTrimIntervalMillis: 0
-Dio.netty.allocator.useCacheForAllThreads: true
-Dio.netty.allocator.maxCachedByteBuffersPerChunk: 1023
-Dio.netty.allocator.type: pooled
-Dio.netty.threadLocalDirectBufferSize: 0
-Dio.netty.maxThreadLocalCharBufferSize: 16384
-Dio.netty.processId: 17440 (auto-detected)
-Djava.net.preferIPv4Stack: false
-Djava.net.preferIPv6Addresses: false
Loopback interface: lo (Software Loopback Interface 1, 127.0.0.1)
Failed to get SOMAXCONN from sysctl and file \proc\sys\net\core\somaxconn. Default: 200
-Dio.netty.machineId: 18:c0:4d:ff:fe:6c:8e:61 (auto-detected)
-Dio.netty.buffer.checkAccessible: true
-Dio.netty.buffer.checkBounds: true
Loaded default ResourceLeakDetector: io.netty.util.ResourceLeakDetector@1fa9bb03
-Dio.netty.recycler.maxCapacityPerThread: 4096
-Dio.netty.recycler.ratio: 8
-Dio.netty.recycler.chunkSize: 32
-Dio.netty.recycler.blocking: false
brotli4j not in the classpath; Brotli support will be unavailable.
-Dio.netty.initialSeedUniquifier: 0x1b441dc51b761fb4
Login attempt toaardiente is successful
Result of isEmployee() | true
Result of searchByUsername() | [Employee Id: 6 | Username: aardiente | Password: -877169473 | Name: dfsfdBrady | Email: anthony.ms.ardiente@gmail.com | Phone Number: 2064346426 | Address: 28505 36th Ave S, Auburn WA 98001 United States | Date Activated: 2022-03-19]
Signed in as [Employee Id: 6 | Username: aardiente | Password: -877169473 | Name: dfsfdBrady | Email: anthony.ms.ardiente@gmail.com | Phone Number: 2064346426 | Address: 28505 36th Ave S, Auburn WA 98001 United States | Date Activated: 2022-03-19]
Result of searchByUsername() | [Employee Id: 6 | Username: aardiente | Password: -877169473 | Name: dfsfdBrady | Email: anthony.ms.ardiente@gmail.com | Phone Number: 2064346426 | Address: 28505 36th Ave S, Auburn WA 98001 United States | Date Activated: 2022-03-19]
Login attempt toaardiente is successful
Result of isEmployee() | true
Result of searchByUsername() | [Employee Id: 6 | Username: aardiente | Password: -877169473 | Name: sdfsfsdfjsflk | Email: anthony.ms.ardiente@gmail.com | Phone Number: 2064346426 | Address: 28505 36th Ave S, Auburn WA 98001 United States | Date Activated: 2022-03-19]
Signed in as [Employee Id: 6 | Username: aardiente | Password: -877169473 | Name: sdfsfsdfjsflk | Email: anthony.ms.ardiente@gmail.com | Phone Number: 2064346426 | Address: 28505 36th Ave S, Auburn WA 98001 United States | Date Activated: 2022-03-19]
Result of searchByUsername() | [Employee Id: 6 | Username: aardiente | Password: -877169473 | Name: sdfsfsdfjsflk | Email: anthony.ms.ardiente@gmail.com | Phone Number: 2064346426 | Address: 28505 36th Ave S, Auburn WA 98001 United States | Date Activated: 2022-03-19]
SQLException in updateEmployee() | ERROR: operator does not exist: integer = character varying
  Hint: No operator matches the given name and argument types. You might need to add explicit type casts.
  Position: 218

Login attempt tomanagertest is successful
Result of isEmployee() | false
Signed in as [Employee Id: 3 | Username: managertest | Password: -877169473 | Name: sdfsfsSteven | Email: manager.tester@gmail.com | Phone Number: 2064346426 | Address: 28505 36th Ave S, Auburn WA 98001 United States | Date Activated: 2022-03-19]
Login attempt toaardiente is successful
Result of isEmployee() | true
Result of searchByUsername() | [Employee Id: 6 | Username: aardiente | Password: -877169473 | Name: sdfsfsdfjsflk | Email: anthony.ms.ardiente@gmail.com | Phone Number: 2064346426 | Address: 28505 36th Ave S, Auburn WA 98001 United States | Date Activated: 2022-03-19]
Signed in as [Employee Id: 6 | Username: aardiente | Password: -877169473 | Name: sdfsfsdfjsflk | Email: anthony.ms.ardiente@gmail.com | Phone Number: 2064346426 | Address: 28505 36th Ave S, Auburn WA 98001 United States | Date Activated: 2022-03-19]
Result of searchByUsername() | [Employee Id: 6 | Username: aardiente | Password: -877169473 | Name: sdfsfsdfjsflk | Email: anthony.ms.ardiente@gmail.com | Phone Number: 2064346426 | Address: 28505 36th Ave S, Auburn WA 98001 United States | Date Activated: 2022-03-19]
SQLException in updateEmployee() | ERROR: operator does not exist: integer = character varying
  Hint: No operator matches the given name and argument types. You might need to add explicit type casts.
  Position: 218

SQLException in updateEmployee() | ERROR: operator does not exist: integer = character varying
  Hint: No operator matches the given name and argument types. You might need to add explicit type casts.
  Position: 218

SQLException in updateEmployee() | ERROR: operator does not exist: integer = character varying
  Hint: No operator matches the given name and argument types. You might need to add explicit type casts.
  Position: 218

Login attempt toaardiente is successful
Result of isEmployee() | true
Result of searchByUsername() | [Employee Id: 6 | Username: aardiente | Password: -877169473 | Name: sdfsfsdfjsflk | Email: anthony.ms.ardiente@gmail.com | Phone Number: 2064346426 | Address: 28505 36th Ave S, Auburn WA 98001 United States | Date Activated: 2022-03-19]
Signed in as [Employee Id: 6 | Username: aardiente | Password: -877169473 | Name: sdfsfsdfjsflk | Email: anthony.ms.ardiente@gmail.com | Phone Number: 2064346426 | Address: 28505 36th Ave S, Auburn WA 98001 United States | Date Activated: 2022-03-19]
Result of searchByUsername() | [Employee Id: 6 | Username: aardiente | Password: -877169473 | Name: sdfsfsdfjsflk | Email: anthony.ms.ardiente@gmail.com | Phone Number: 2064346426 | Address: 28505 36th Ave S, Auburn WA 98001 United States | Date Activated: 2022-03-19]
Update attempt in updateEmployee() | [Employee Id: 6 | Username: aardiente | Password: -877169473 | Name: SteveDolest | Email: anthony.ms.ardiente@gmail.com | Phone Number: 2064346426 | Address: 28505 36th Ave S, Auburn WA 98001 United States | Date Activated: 2022-03-19] was successful
Result of searchByUsername() | [Employee Id: 6 | Username: aardiente | Password: -877169473 | Name: SteveDolest | Email: anthony.ms.ardiente@gmail.com | Phone Number: 2064346426 | Address: 28505 36th Ave S, Auburn WA 98001 United States | Date Activated: 2022-03-19]
Login attempt tomanagertest is successful
Result of isEmployee() | false
Signed in as [Employee Id: 3 | Username: managertest | Password: -877169473 | Name: steveSteven | Email: manager.tester@gmail.com | Phone Number: 2064346426 | Address: 28505 36th Ave S, Auburn WA 98001 United States | Date Activated: 2022-03-19]
Attempt to approve ReimbursmentTicket [id=18, amount=456.0, requestDate=2022-03-19, status=Approved] was false
formList set to [ReimbursmentTicket [id=17, amount=1234.0, requestDate=2022-03-19, status=Pending], ReimbursmentTicket [id=19, amount=789.0, requestDate=2022-03-19, status=Pending], ReimbursmentTicket [id=20, amount=169.0, requestDate=2022-03-19, status=Pending], ReimbursmentTicket [id=21, amount=134.0, requestDate=2022-03-19, status=Pending], ReimbursmentTicket [id=22, amount=167.0, requestDate=2022-03-19, status=Pending]]
Result of searchByUsername() | [Employee Id: 6 | Username: aardiente | Password: -877169473 | Name: SteveDolest | Email: anthony.ms.ardiente@gmail.com | Phone Number: 2064346426 | Address: 28505 36th Ave S, Auburn WA 98001 United States | Date Activated: 2022-03-19]
Result of searchByUsername() | null
Result of searchByUsername() | null
Result of searchByUsername() | null
Login attempt toaardiente is successful
Result of isEmployee() | true
Result of searchByUsername() | [Employee Id: 6 | Username: aardiente | Password: -877169473 | Name: SteveDolest | Email: anthony.ms.ardiente@gmail.com | Phone Number: 2064346426 | Address: 28505 36th Ave S, Auburn WA 98001 United States | Date Activated: 2022-03-19]
Signed in as [Employee Id: 6 | Username: aardiente | Password: -877169473 | Name: SteveDolest | Email: anthony.ms.ardiente@gmail.com | Phone Number: 2064346426 | Address: 28505 36th Ave S, Auburn WA 98001 United States | Date Activated: 2022-03-19]
Result of searchByUsername() | [Employee Id: 6 | Username: aardiente | Password: -877169473 | Name: SteveDolest | Email: anthony.ms.ardiente@gmail.com | Phone Number: 2064346426 | Address: 28505 36th Ave S, Auburn WA 98001 United States | Date Activated: 2022-03-19]
Login attempt toomgitzant has failed
Login attempt toomgitzant has failed
Login attempt to managertest has failed
Login attempt to tester1 has failed
Login attempt to aardiente has failed
Login attempt to  has failed
Login attempt to  has failed
Login attempt to  has failed
Login attempt to managertest has failed
Login attempt to managertest has failed
Login attempt to  has failed
Login attempt to  has failed
Login attempt to  has failed
Login attempt to  has failed
Login attempt to omgitzant has failed
Login attempt to  has failed
Login attempt to  has failed
Login attempt to  has failed
Login attempt to  has failed
Login attempt to omgitzant has failed
Login attempt to  has failed
Login attempt to omgitzant has failed
Login attempt to aardiente has failed
Login attempt to managertest is successful
Result of isEmployee() | false
Signed in as [Employee Id: 3 | Username: managertest | Password: -877169473 | Name: steveSteven | Email: manager.tester@gmail.com | Phone Number: 2064346426 | Address: 28505 36th Ave S, Auburn WA 98001 United States | Date Activated: 2022-03-19]
Login attempt to aardiente is successful
Result of isEmployee() | true
Result of searchByUsername() | [Employee Id: 6 | Username: aardiente | Password: -877169473 | Name: SteveDolest | Email: anthony.ms.ardiente@gmail.com | Phone Number: 2064346426 | Address: 28505 36th Ave S, Auburn WA 98001 United States | Date Activated: 2022-03-19]
Signed in as [Employee Id: 6 | Username: aardiente | Password: -877169473 | Name: SteveDolest | Email: anthony.ms.ardiente@gmail.com | Phone Number: 2064346426 | Address: 28505 36th Ave S, Auburn WA 98001 United States | Date Activated: 2022-03-19]
Result of searchByUsername() | [Employee Id: 6 | Username: aardiente | Password: -877169473 | Name: SteveDolest | Email: anthony.ms.ardiente@gmail.com | Phone Number: 2064346426 | Address: 28505 36th Ave S, Auburn WA 98001 United States | Date Activated: 2022-03-19]
Login attempt to aardiente is successful
Result of isEmployee() | true
Result of searchByUsername() | [Employee Id: 6 | Username: aardiente | Password: -877169473 | Name: SteveDolest | Email: anthony.ms.ardiente@gmail.com | Phone Number: 2064346426 | Address: 28505 36th Ave S, Auburn WA 98001 United States | Date Activated: 2022-03-19]
Signed in as [Employee Id: 6 | Username: aardiente | Password: -877169473 | Name: SteveDolest | Email: anthony.ms.ardiente@gmail.com | Phone Number: 2064346426 | Address: 28505 36th Ave S, Auburn WA 98001 United States | Date Activated: 2022-03-19]
Result of searchByUsername() | [Employee Id: 6 | Username: aardiente | Password: -877169473 | Name: SteveDolest | Email: anthony.ms.ardiente@gmail.com | Phone Number: 2064346426 | Address: 28505 36th Ave S, Auburn WA 98001 United States | Date Activated: 2022-03-19]
Login attempt to aardiente is successful
Result of isEmployee() | true
Result of searchByUsername() | [Employee Id: 6 | Username: aardiente | Password: -877169473 | Name: SteveDolest | Email: anthony.ms.ardiente@gmail.com | Phone Number: 2064346426 | Address: 28505 36th Ave S, Auburn WA 98001 United States | Date Activated: 2022-03-19]
Signed in as [Employee Id: 6 | Username: aardiente | Password: -877169473 | Name: SteveDolest | Email: anthony.ms.ardiente@gmail.com | Phone Number: 2064346426 | Address: 28505 36th Ave S, Auburn WA 98001 United States | Date Activated: 2022-03-19]
Result of searchByUsername() | [Employee Id: 6 | Username: aardiente | Password: -877169473 | Name: SteveDolest | Email: anthony.ms.ardiente@gmail.com | Phone Number: 2064346426 | Address: 28505 36th Ave S, Auburn WA 98001 United States | Date Activated: 2022-03-19]
Login attempt to  has failed
Login attempt to omgitzant has failed
Login attempt to aardiente is successful
Result of isEmployee() | true
Result of searchByUsername() | [Employee Id: 6 | Username: aardiente | Password: -877169473 | Name: SteveDolest | Email: anthony.ms.ardiente@gmail.com | Phone Number: 2064346426 | Address: 28505 36th Ave S, Auburn WA 98001 United States | Date Activated: 2022-03-19]
Signed in as [Employee Id: 6 | Username: aardiente | Password: -877169473 | Name: SteveDolest | Email: anthony.ms.ardiente@gmail.com | Phone Number: 2064346426 | Address: 28505 36th Ave S, Auburn WA 98001 United States | Date Activated: 2022-03-19]
Result of searchByUsername() | [Employee Id: 6 | Username: aardiente | Password: -877169473 | Name: SteveDolest | Email: anthony.ms.ardiente@gmail.com | Phone Number: 2064346426 | Address: 28505 36th Ave S, Auburn WA 98001 United States | Date Activated: 2022-03-19]
Login attempt to omgitzant has failed
Login attempt to tester2 has failed
Login attempt to aardiente is successful
Result of isEmployee() | true
Result of searchByUsername() | [Employee Id: 6 | Username: aardiente | Password: -877169473 | Name: SteveDolest | Email: anthony.ms.ardiente@gmail.com | Phone Number: 2064346426 | Address: 28505 36th Ave S, Auburn WA 98001 United States | Date Activated: 2022-03-19]
Signed in as [Employee Id: 6 | Username: aardiente | Password: -877169473 | Name: SteveDolest | Email: anthony.ms.ardiente@gmail.com | Phone Number: 2064346426 | Address: 28505 36th Ave S, Auburn WA 98001 United States | Date Activated: 2022-03-19]
Result of searchByUsername() | [Employee Id: 6 | Username: aardiente | Password: -877169473 | Name: SteveDolest | Email: anthony.ms.ardiente@gmail.com | Phone Number: 2064346426 | Address: 28505 36th Ave S, Auburn WA 98001 United States | Date Activated: 2022-03-19]
Login attempt to aardiente is successful
Result of isEmployee() | true
Result of searchByUsername() | [Employee Id: 6 | Username: aardiente | Password: -877169473 | Name: SteveDolest | Email: anthony.ms.ardiente@gmail.com | Phone Number: 2064346426 | Address: 28505 36th Ave S, Auburn WA 98001 United States | Date Activated: 2022-03-19]
Signed in as [Employee Id: 6 | Username: aardiente | Password: -877169473 | Name: SteveDolest | Email: anthony.ms.ardiente@gmail.com | Phone Number: 2064346426 | Address: 28505 36th Ave S, Auburn WA 98001 United States | Date Activated: 2022-03-19]
Result of searchByUsername() | [Employee Id: 6 | Username: aardiente | Password: -877169473 | Name: SteveDolest | Email: anthony.ms.ardiente@gmail.com | Phone Number: 2064346426 | Address: 28505 36th Ave S, Auburn WA 98001 United States | Date Activated: 2022-03-19]
Login attempt to managertest is successful
Result of isEmployee() | false
Signed in as [Employee Id: 3 | Username: managertest | Password: -877169473 | Name: steveSteven | Email: manager.tester@gmail.com | Phone Number: 2064346426 | Address: 28505 36th Ave S, Auburn WA 98001 United States | Date Activated: 2022-03-19]
Login attempt to aardiente is successful
Result of isEmployee() | true
Result of searchByUsername() | [Employee Id: 6 | Username: aardiente | Password: -877169473 | Name: SteveDolest | Email: anthony.ms.ardiente@gmail.com | Phone Number: 2064346426 | Address: 28505 36th Ave S, Auburn WA 98001 United States | Date Activated: 2022-03-19]
Signed in as [Employee Id: 6 | Username: aardiente | Password: -877169473 | Name: SteveDolest | Email: anthony.ms.ardiente@gmail.com | Phone Number: 2064346426 | Address: 28505 36th Ave S, Auburn WA 98001 United States | Date Activated: 2022-03-19]
Result of searchByUsername() | [Employee Id: 6 | Username: aardiente | Password: -877169473 | Name: SteveDolest | Email: anthony.ms.ardiente@gmail.com | Phone Number: 2064346426 | Address: 28505 36th Ave S, Auburn WA 98001 United States | Date Activated: 2022-03-19]
Result of searchByUsername() | [Employee Id: 6 | Username: aardiente | Password: -877169473 | Name: SteveDolest | Email: anthony.ms.ardiente@gmail.com | Phone Number: 2064346426 | Address: 28505 36th Ave S, Auburn WA 98001 United States | Date Activated: 2022-03-19]
Login attempt to managertest is successful
Result of isEmployee() | false
Signed in as [Employee Id: 3 | Username: managertest | Password: -877169473 | Name: steveSteven | Email: manager.tester@gmail.com | Phone Number: 2064346426 | Address: 28505 36th Ave S, Auburn WA 98001 United States | Date Activated: 2022-03-19]
Result of searchByUsername() | [Employee Id: 6 | Username: aardiente | Password: -877169473 | Name: SteveDolest | Email: anthony.ms.ardiente@gmail.com | Phone Number: 2064346426 | Address: 28505 36th Ave S, Auburn WA 98001 United States | Date Activated: 2022-03-19]
Attempt to approve ReimbursmentTicket [id=19, amount=789.0, requestDate=2022-03-19, status=Approved] was false
Attempt to deny ReimbursmentTicket [id=20, amount=169.0, requestDate=2022-03-19, status=Denied] was false
formList set to [ReimbursmentTicket [id=17, amount=1234.0, requestDate=2022-03-19, status=Pending], ReimbursmentTicket [id=21, amount=134.0, requestDate=2022-03-19, status=Pending], ReimbursmentTicket [id=22, amount=167.0, requestDate=2022-03-19, status=Pending]]
Login attempt to aardiente is successful
Result of isEmployee() | true
Result of searchByUsername() | [Employee Id: 6 | Username: aardiente | Password: -877169473 | Name: SteveDolest | Email: anthony.ms.ardiente@gmail.com | Phone Number: 2064346426 | Address: 28505 36th Ave S, Auburn WA 98001 United States | Date Activated: 2022-03-19]
Signed in as [Employee Id: 6 | Username: aardiente | Password: -877169473 | Name: SteveDolest | Email: anthony.ms.ardiente@gmail.com | Phone Number: 2064346426 | Address: 28505 36th Ave S, Auburn WA 98001 United States | Date Activated: 2022-03-19]
Result of searchByUsername() | [Employee Id: 6 | Username: aardiente | Password: -877169473 | Name: SteveDolest | Email: anthony.ms.ardiente@gmail.com | Phone Number: 2064346426 | Address: 28505 36th Ave S, Auburn WA 98001 United States | Date Activated: 2022-03-19]
Login attempt to managertest is successful
Result of isEmployee() | false
Signed in as [Employee Id: 3 | Username: managertest | Password: -877169473 | Name: steveSteven | Email: manager.tester@gmail.com | Phone Number: 2064346426 | Address: 28505 36th Ave S, Auburn WA 98001 United States | Date Activated: 2022-03-19]
Login attempt to managertest is successful
Result of isEmployee() | false
Signed in as [Employee Id: 3 | Username: managertest | Password: -877169473 | Name: steveSteven | Email: manager.tester@gmail.com | Phone Number: 2064346426 | Address: 28505 36th Ave S, Auburn WA 98001 United States | Date Activated: 2022-03-19]
Login attempt to managertest is successful
Result of isEmployee() | false
Signed in as [Employee Id: 3 | Username: managertest | Password: -877169473 | Name: steveSteven | Email: manager.tester@gmail.com | Phone Number: 2064346426 | Address: 28505 36th Ave S, Auburn WA 98001 United States | Date Activated: 2022-03-19]
Login attempt to aardiente is successful
Result of isEmployee() | true
Result of searchByUsername() | [Employee Id: 6 | Username: aardiente | Password: -877169473 | Name: SteveDolest | Email: anthony.ms.ardiente@gmail.com | Phone Number: 2064346426 | Address: 28505 36th Ave S, Auburn WA 98001 United States | Date Activated: 2022-03-19]
Signed in as [Employee Id: 6 | Username: aardiente | Password: -877169473 | Name: SteveDolest | Email: anthony.ms.ardiente@gmail.com | Phone Number: 2064346426 | Address: 28505 36th Ave S, Auburn WA 98001 United States | Date Activated: 2022-03-19]
Login attempt to managertest is successful
Result of isEmployee() | false
Signed in as [Employee Id: 3 | Username: managertest | Password: -877169473 | Name: steveSteven | Email: manager.tester@gmail.com | Phone Number: 2064346426 | Address: 28505 36th Ave S, Auburn WA 98001 United States | Date Activated: 2022-03-19]
Login attempt to managertest is successful
Result of isEmployee() | false
Signed in as [Employee Id: 3 | Username: managertest | Password: -877169473 | Name: steveSteven | Email: manager.tester@gmail.com | Phone Number: 2064346426 | Address: 28505 36th Ave S, Auburn WA 98001 United States | Date Activated: 2022-03-19]
Login attempt to aardiente is successful
Result of isEmployee() | true
Result of searchByUsername() | [Employee Id: 6 | Username: aardiente | Password: -877169473 | Name: SteveDolest | Email: anthony.ms.ardiente@gmail.com | Phone Number: 2064346426 | Address: 28505 36th Ave S, Auburn WA 98001 United States | Date Activated: 2022-03-19]
Signed in as [Employee Id: 6 | Username: aardiente | Password: -877169473 | Name: SteveDolest | Email: anthony.ms.ardiente@gmail.com | Phone Number: 2064346426 | Address: 28505 36th Ave S, Auburn WA 98001 United States | Date Activated: 2022-03-19]
Login attempt to aardiente is successful
Result of isEmployee() | true
Result of searchByUsername() | [Employee Id: 6 | Username: aardiente | Password: -877169473 | Name: SteveDolest | Email: anthony.ms.ardiente@gmail.com | Phone Number: 2064346426 | Address: 28505 36th Ave S, Auburn WA 98001 United States | Date Activated: 2022-03-19]
Signed in as [Employee Id: 6 | Username: aardiente | Password: -877169473 | Name: SteveDolest | Email: anthony.ms.ardiente@gmail.com | Phone Number: 2064346426 | Address: 28505 36th Ave S, Auburn WA 98001 United States | Date Activated: 2022-03-19]
Login attempt to managertest is successful
Result of isEmployee() | false
Signed in as [Employee Id: 3 | Username: managertest | Password: -877169473 | Name: steveSteven | Email: manager.tester@gmail.com | Phone Number: 2064346426 | Address: 28505 36th Ave S, Auburn WA 98001 United States | Date Activated: 2022-03-19]
Login attempt to managertest is successful
Result of isEmployee() | false
Signed in as [Employee Id: 3 | Username: managertest | Password: -877169473 | Name: steveSteven | Email: manager.tester@gmail.com | Phone Number: 2064346426 | Address: 28505 36th Ave S, Auburn WA 98001 United States | Date Activated: 2022-03-19]
Login attempt to aardiente is successful
Result of isEmployee() | true
Result of searchByUsername() | [Employee Id: 6 | Username: aardiente | Password: -877169473 | Name: SteveDolest | Email: anthony.ms.ardiente@gmail.com | Phone Number: 2064346426 | Address: 28505 36th Ave S, Auburn WA 98001 United States | Date Activated: 2022-03-19]
Signed in as [Employee Id: 6 | Username: aardiente | Password: -877169473 | Name: SteveDolest | Email: anthony.ms.ardiente@gmail.com | Phone Number: 2064346426 | Address: 28505 36th Ave S, Auburn WA 98001 United States | Date Activated: 2022-03-19]
Login attempt to emptest has failed
Login attempt to managertest is successful
Result of isEmployee() | false
Signed in as [Employee Id: 3 | Username: managertest | Password: -877169473 | Name: steveSteven | Email: manager.tester@gmail.com | Phone Number: 2064346426 | Address: 28505 36th Ave S, Auburn WA 98001 United States | Date Activated: 2022-03-19]
Login attempt to aardiente is successful
Result of isEmployee() | true
Result of searchByUsername() | [Employee Id: 6 | Username: aardiente | Password: -877169473 | Name: SteveDolest | Email: anthony.ms.ardiente@gmail.com | Phone Number: 2064346426 | Address: 28505 36th Ave S, Auburn WA 98001 United States | Date Activated: 2022-03-19]
Signed in as [Employee Id: 6 | Username: aardiente | Password: -877169473 | Name: SteveDolest | Email: anthony.ms.ardiente@gmail.com | Phone Number: 2064346426 | Address: 28505 36th Ave S, Auburn WA 98001 United States | Date Activated: 2022-03-19]
